<?xml version="1.0" encoding="UTF-8"?>
<testsuite xmlns:xsi="http://www.w3.org/2001/XMLSchema-instance" xsi:noNamespaceSchemaLocation="https://maven.apache.org/surefire/maven-surefire-plugin/xsd/surefire-test-report.xsd" name="org.acme.ExampleResourceTest" time="7.02" tests="1" errors="0" skipped="0" failures="1">
  <properties>
[...]
</properties>
  <testcase name="testHelloEndpoint" classname="org.acme.ExampleResourceTest" time="1.079">
    <failure message="1 expectation failed.&#10;Expected status code &lt;200&gt; but was &lt;404&gt;.&#10;" type="java.lang.AssertionError"><![CDATA[java.lang.AssertionError: 
1 expectation failed.
Expected status code <200> but was <404>.

	at org.acme.ExampleResourceTest.testHelloEndpoint(ExampleResourceTest.java:17)
]]></failure>
    <system-out><![CDATA[2020-01-16 13:11:02,283 INFO  [org.hib.byt.enh.int.byt.BiDirectionalAssociationHandler] (main) Bi-directional association not managed for field [com.stickermeetings.models.Board#columns]: Could not find target field in [com.stickermeetings.models.Column]
2020-01-16 13:11:02,441 INFO  [org.hib.byt.enh.int.byt.BiDirectionalAssociationHandler] (main) Bi-directional association not managed for field [com.stickermeetings.models.Column#stickers]: Could not find target field in [com.stickermeetings.models.Sticker]
2020-01-16 13:11:03,619 WARN  [org.hib.map.RootClass] (main) HHH000038: Composite-id class does not override equals(): com.stickermeetings.models.Board
2020-01-16 13:11:03,619 WARN  [org.hib.map.RootClass] (main) HHH000039: Composite-id class does not override hashCode(): com.stickermeetings.models.Board
2020-01-16 13:11:03,620 WARN  [org.hib.map.RootClass] (main) HHH000038: Composite-id class does not override equals(): com.stickermeetings.models.Column
2020-01-16 13:11:03,620 WARN  [org.hib.map.RootClass] (main) HHH000039: Composite-id class does not override hashCode(): com.stickermeetings.models.Column
2020-01-16 13:11:03,621 WARN  [org.hib.map.RootClass] (main) HHH000038: Composite-id class does not override equals(): com.stickermeetings.models.Sticker
2020-01-16 13:11:03,621 WARN  [org.hib.map.RootClass] (main) HHH000039: Composite-id class does not override hashCode(): com.stickermeetings.models.Sticker
2020-01-16 13:11:04,175 INFO  [io.quarkus] (main) Quarkus 1.1.1.Final started in 1.575s. Listening on: http://0.0.0.0:8081
2020-01-16 13:11:04,175 INFO  [io.quarkus] (main) Profile test activated. 
2020-01-16 13:11:04,175 INFO  [io.quarkus] (main) Installed features: [agroal, cdi, config-yaml, hibernate-orm, hibernate-orm-panache, jdbc-mysql, narayana-jta, resteasy]
]]></system-out>
  </testcase>
</testsuite>